
gt_marc marquez
gt_udinese vs cagliari
gt_twente vs heracles
gt_fiorentina vs roma
gt_brentford vs man city
gt_espanyol vs betis
gt_losc vs psg
gt_ethan mbappé
gt_lafc vs atlanta united
gt_nba
gt_tijuana vs monterrey
gt_lakers
gt_lewis hamilton
gt_ipswich vs norwich
gt_indonesia vs arab saudi
gt_persela
gt_crewe alexandra
gt_vitesse
gt_deportivo riestra
gt_kualifikasi piala dunia
gt_racing club vs independiente rivadavia
gt_janice tjen wta
gt_naomi osaka
gt_aryna sabalenka
gt_rizki juniansyah
gt_timnas
gt_jadwal timnas indonesia
gt_timnas indonesia
gt_juventus women
gt_fc barcelona femení vs fc bayern münchen
gt_arsenal w.f.c. vs ol lyonnes
